<?xml version="1.0" encoding="UTF-8"?>
<!-- Generated by org.testng.reporters.JUnitReportReporter -->
<testsuite hostname="Eselva-PC" name="com.valmont.functionality.Login" tests="5" failures="0" timestamp="23 May 2014 12:43:23 GMT" time="77.150" errors="0">
  <testcase name="testLogin" time="16.629" classname="com.valmont.functionality.Login"/>
  <testcase name="testLogin" time="14.223" classname="com.valmont.functionality.Login"/>
  <testcase name="testLogin" time="15.641" classname="com.valmont.functionality.Login"/>
  <testcase name="testLogin" time="14.543" classname="com.valmont.functionality.Login"/>
  <testcase name="testLogin" time="16.114" classname="com.valmont.functionality.Login"/>
</testsuite> <!-- com.valmont.functionality.Login -->
